This file contains any messages produced by compilers while
running configure, to aid debugging if configure makes a mistake.

It was created by mono-fuse configure 0.4.3, which was
generated by GNU Autoconf 2.67.  Invocation command line was

  $ ./configure --enable-maintainer-mode --enable-compile-warnings

## --------- ##
## Platform. ##
## --------- ##

hostname = ubuntu
uname -m = i686
uname -r = 2.6.38-11-generic
uname -s = Linux
uname -v = #48-Ubuntu SMP Fri Jul 29 19:05:14 UTC 2011

/usr/bin/uname -p = unknown
/bin/uname -X     = unknown

/bin/arch              = unknown
/usr/bin/arch -k       = unknown
/usr/convex/getsysinfo = unknown
/usr/bin/hostinfo      = unknown
/bin/machine           = unknown
/usr/bin/oslevel       = unknown
/bin/universe          = unknown

PATH: /usr/local/sbin
PATH: /usr/local/bin
PATH: /usr/sbin
PATH: /usr/bin
PATH: /sbin
PATH: /bin
PATH: /usr/games
PATH: /opt/gradle-1.0/bin


## ----------- ##
## Core tests. ##
## ----------- ##

configure:2318: checking build system type
configure:2332: result: i686-pc-linux-gnu
configure:2352: checking host system type
configure:2365: result: i686-pc-linux-gnu
configure:2385: checking target system type
configure:2398: result: i686-pc-linux-gnu
configure:2442: checking for a BSD-compatible install
configure:2510: result: /usr/bin/install -c
configure:2521: checking whether build environment is sane
configure:2571: result: yes
configure:2712: checking for a thread-safe mkdir -p
configure:2751: result: /bin/mkdir -p
configure:2764: checking for gawk
configure:2794: result: no
configure:2764: checking for mawk
configure:2780: found /usr/bin/mawk
configure:2791: result: mawk
configure:2802: checking whether make sets $(MAKE)
configure:2824: result: yes
configure:2899: checking how to create a ustar tar archive
configure:2912: tar --version
tar (GNU tar) 1.25
Copyright (C) 2010 Free Software Foundation, Inc.
License GPLv3+: GNU GPL version 3 or later <http://gnu.org/licenses/gpl.html>.
This is free software: you are free to change and redistribute it.
There is NO WARRANTY, to the extent permitted by law.

Written by John Gilmore and Jay Fenlason.
configure:2915: $? = 0
configure:2955: tardir=conftest.dir && eval tar --format=ustar -chf - "$tardir" >conftest.tar
configure:2958: $? = 0
configure:2962: tar -xf - <conftest.tar
configure:2965: $? = 0
configure:2978: result: gnutar
configure:2986: checking whether to enable maintainer-specific portions of Makefiles
configure:2995: result: yes
configure:3058: checking for gcc
configure:3074: found /usr/bin/gcc
configure:3085: result: gcc
configure:3314: checking for C compiler version
configure:3323: gcc --version >&5
gcc (Ubuntu/Linaro 4.5.2-8ubuntu4) 4.5.2
Copyright (C) 2010 Free Software Foundation, Inc.
This is free software; see the source for copying conditions.  There is NO
warranty; not even for MERCHANTABILITY or FITNESS FOR A PARTICULAR PURPOSE.

configure:3334: $? = 0
configure:3323: gcc -v >&5
Using built-in specs.
COLLECT_GCC=gcc
COLLECT_LTO_WRAPPER=/usr/lib/i386-linux-gnu/gcc/i686-linux-gnu/4.5.2/lto-wrapper
Target: i686-linux-gnu
Configured with: ../src/configure -v --with-pkgversion='Ubuntu/Linaro 4.5.2-8ubuntu4' --with-bugurl=file:///usr/share/doc/gcc-4.5/README.Bugs --enable-languages=c,c++,fortran,objc,obj-c++ --prefix=/usr --program-suffix=-4.5 --enable-shared --enable-multiarch --with-multiarch-defaults=i386-linux-gnu --enable-linker-build-id --with-system-zlib --libexecdir=/usr/lib/i386-linux-gnu --without-included-gettext --enable-threads=posix --with-gxx-include-dir=/usr/include/c++/4.5 --libdir=/usr/lib/i386-linux-gnu --enable-nls --with-sysroot=/ --enable-clocale=gnu --enable-libstdcxx-debug --enable-libstdcxx-time=yes --enable-plugin --enable-gold --enable-ld=default --with-plugin-ld=ld.gold --enable-objc-gc --enable-targets=all --disable-werror --with-arch-32=i686 --with-tune=generic --enable-checking=release --build=i686-linux-gnu --host=i686-linux-gnu --target=i686-linux-gnu
Thread model: posix
gcc version 4.5.2 (Ubuntu/Linaro 4.5.2-8ubuntu4) 
configure:3334: $? = 0
configure:3323: gcc -V >&5
gcc: '-V' option must have argument
configure:3334: $? = 1
configure:3323: gcc -qversion >&5
gcc: unrecognized option '-qversion'
gcc: no input files
configure:3334: $? = 1
configure:3354: checking whether the C compiler works
configure:3376: gcc    conftest.c  >&5
configure:3380: $? = 0
configure:3428: result: yes
configure:3431: checking for C compiler default output file name
configure:3433: result: a.out
configure:3439: checking for suffix of executables
configure:3446: gcc -o conftest    conftest.c  >&5
configure:3450: $? = 0
configure:3472: result: 
configure:3494: checking whether we are cross compiling
configure:3502: gcc -o conftest    conftest.c  >&5
configure:3506: $? = 0
configure:3513: ./conftest
configure:3517: $? = 0
configure:3532: result: no
configure:3537: checking for suffix of object files
configure:3559: gcc -c   conftest.c >&5
configure:3563: $? = 0
configure:3584: result: o
configure:3588: checking whether we are using the GNU C compiler
configure:3607: gcc -c   conftest.c >&5
configure:3607: $? = 0
configure:3616: result: yes
configure:3625: checking whether gcc accepts -g
configure:3645: gcc -c -g  conftest.c >&5
configure:3645: $? = 0
configure:3686: result: yes
configure:3703: checking for gcc option to accept ISO C89
configure:3767: gcc  -c -g -O2  conftest.c >&5
configure:3767: $? = 0
configure:3780: result: none needed
configure:3811: checking for style of include used by make
configure:3839: result: GNU
configure:3864: checking dependency style of gcc
configure:3974: result: gcc3
configure:4018: checking for a sed that does not truncate output
configure:4082: result: /bin/sed
configure:4100: checking for grep that handles long lines and -e
configure:4158: result: /bin/grep
configure:4163: checking for egrep
configure:4225: result: /bin/grep -E
configure:4230: checking for fgrep
configure:4292: result: /bin/grep -F
configure:4327: checking for ld used by gcc
configure:4394: result: /usr/bin/ld
configure:4401: checking if the linker (/usr/bin/ld) is GNU ld
configure:4416: result: yes
configure:4428: checking for BSD- or MS-compatible name lister (nm)
configure:4477: result: /usr/bin/nm -B
configure:4595: checking the name lister (/usr/bin/nm -B) interface
configure:4602: gcc -c -g -O2  conftest.c >&5
configure:4605: /usr/bin/nm -B "conftest.o"
configure:4608: output
00000000 B some_variable
configure:4615: result: BSD nm
configure:4618: checking whether ln -s works
configure:4622: result: yes
configure:4630: checking the maximum length of command line arguments
configure:4750: result: 1572864
configure:4767: checking whether the shell understands some XSI constructs
configure:4777: result: yes
configure:4781: checking whether the shell understands "+="
configure:4787: result: yes
configure:4822: checking for /usr/bin/ld option to reload object files
configure:4829: result: -r
configure:4898: checking for objdump
configure:4914: found /usr/bin/objdump
configure:4925: result: objdump
configure:4957: checking how to recognize dependent libraries
configure:5153: result: pass_all
configure:5213: checking for ar
configure:5229: found /usr/bin/ar
configure:5240: result: ar
configure:5318: checking for strip
configure:5334: found /usr/bin/strip
configure:5345: result: strip
configure:5417: checking for ranlib
configure:5433: found /usr/bin/ranlib
configure:5444: result: ranlib
configure:5534: checking command to parse /usr/bin/nm -B output from gcc object
configure:5652: gcc -c -g -O2  conftest.c >&5
configure:5655: $? = 0
configure:5659: /usr/bin/nm -B conftest.o \| sed -n -e 's/^.*[	 ]\([ABCDGIRSTW][ABCDGIRSTW]*\)[	 ][	 ]*\([_A-Za-z][_A-Za-z0-9]*\)$/\1 \2 \2/p' \> conftest.nm
configure:5662: $? = 0
configure:5716: gcc -o conftest -g -O2   conftest.c conftstm.o >&5
configure:5719: $? = 0
configure:5757: result: ok
configure:6566: checking how to run the C preprocessor
configure:6597: gcc -E  conftest.c
configure:6597: $? = 0
configure:6611: gcc -E  conftest.c
conftest.c:11:28: fatal error: ac_nonexistent.h: No such file or directory
compilation terminated.
configure:6611: $? = 1
configure: failed program was:
| /* confdefs.h */
| #define PACKAGE_NAME "mono-fuse"
| #define PACKAGE_TARNAME "mono-fuse"
| #define PACKAGE_VERSION "0.4.3"
| #define PACKAGE_STRING "mono-fuse 0.4.3"
| #define PACKAGE_BUGREPORT "jonpryor@vt.edu"
| #define PACKAGE_URL ""
| #define PACKAGE "mono-fuse"
| #define VERSION "0.4.3"
| /* end confdefs.h.  */
| #include <ac_nonexistent.h>
configure:6636: result: gcc -E
configure:6656: gcc -E  conftest.c
configure:6656: $? = 0
configure:6670: gcc -E  conftest.c
conftest.c:11:28: fatal error: ac_nonexistent.h: No such file or directory
compilation terminated.
configure:6670: $? = 1
configure: failed program was:
| /* confdefs.h */
| #define PACKAGE_NAME "mono-fuse"
| #define PACKAGE_TARNAME "mono-fuse"
| #define PACKAGE_VERSION "0.4.3"
| #define PACKAGE_STRING "mono-fuse 0.4.3"
| #define PACKAGE_BUGREPORT "jonpryor@vt.edu"
| #define PACKAGE_URL ""
| #define PACKAGE "mono-fuse"
| #define VERSION "0.4.3"
| /* end confdefs.h.  */
| #include <ac_nonexistent.h>
configure:6699: checking for ANSI C header files
configure:6719: gcc -c -g -O2  conftest.c >&5
configure:6719: $? = 0
configure:6792: gcc -o conftest -g -O2   conftest.c  >&5
configure:6792: $? = 0
configure:6792: ./conftest
configure:6792: $? = 0
configure:6803: result: yes
configure:6816: checking for sys/types.h
configure:6816: gcc -c -g -O2  conftest.c >&5
configure:6816: $? = 0
configure:6816: result: yes
configure:6816: checking for sys/stat.h
configure:6816: gcc -c -g -O2  conftest.c >&5
configure:6816: $? = 0
configure:6816: result: yes
configure:6816: checking for stdlib.h
configure:6816: gcc -c -g -O2  conftest.c >&5
configure:6816: $? = 0
configure:6816: result: yes
configure:6816: checking for string.h
configure:6816: gcc -c -g -O2  conftest.c >&5
configure:6816: $? = 0
configure:6816: result: yes
configure:6816: checking for memory.h
configure:6816: gcc -c -g -O2  conftest.c >&5
configure:6816: $? = 0
configure:6816: result: yes
configure:6816: checking for strings.h
configure:6816: gcc -c -g -O2  conftest.c >&5
configure:6816: $? = 0
configure:6816: result: yes
configure:6816: checking for inttypes.h
configure:6816: gcc -c -g -O2  conftest.c >&5
configure:6816: $? = 0
configure:6816: result: yes
configure:6816: checking for stdint.h
configure:6816: gcc -c -g -O2  conftest.c >&5
configure:6816: $? = 0
configure:6816: result: yes
configure:6816: checking for unistd.h
configure:6816: gcc -c -g -O2  conftest.c >&5
configure:6816: $? = 0
configure:6816: result: yes
configure:6830: checking for dlfcn.h
configure:6830: gcc -c -g -O2  conftest.c >&5
configure:6830: $? = 0
configure:6830: result: yes
configure:7012: checking for objdir
configure:7027: result: .libs
configure:7319: checking if gcc supports -fno-rtti -fno-exceptions
configure:7337: gcc -c -g -O2  -fno-rtti -fno-exceptions conftest.c >&5
cc1: warning: command line option "-fno-rtti" is valid for C++/ObjC++ but not for C
configure:7341: $? = 0
configure:7354: result: no
configure:7374: checking for gcc option to produce PIC
configure:7646: result: -fPIC -DPIC
configure:7658: checking if gcc PIC flag -fPIC -DPIC works
configure:7676: gcc -c -g -O2  -fPIC -DPIC -DPIC conftest.c >&5
configure:7680: $? = 0
configure:7693: result: yes
configure:7717: checking if gcc static flag -static works
configure:7745: result: yes
configure:7760: checking if gcc supports -c -o file.o
configure:7781: gcc -c -g -O2  -o out/conftest2.o conftest.c >&5
configure:7785: $? = 0
configure:7807: result: yes
configure:7815: checking if gcc supports -c -o file.o
configure:7862: result: yes
configure:7895: checking whether the gcc linker (/usr/bin/ld) supports shared libraries
configure:8886: result: yes
configure:8923: checking whether -lc should be explicitly linked in
configure:8928: gcc -c -g -O2  conftest.c >&5
configure:8931: $? = 0
configure:8946: gcc -shared conftest.o  -v -Wl,-soname -Wl,conftest -o conftest 2\>\&1 \| /bin/grep  -lc  \>/dev/null 2\>\&1
configure:8949: $? = 0
configure:8961: result: no
configure:9125: checking dynamic linker characteristics
configure:9558: gcc -o conftest -g -O2   -Wl,-rpath -Wl,/foo conftest.c  >&5
configure:9558: $? = 0
configure:9788: result: GNU/Linux ld.so
configure:9890: checking how to hardcode library paths into programs
configure:9915: result: immediate
configure:10009: checking for shl_load
configure:10009: gcc -o conftest -g -O2   conftest.c  >&5
/tmp/ccSgdoKZ.o: In function `main':
/home/crane/git/nofs/mono-fuse/conftest.c:57: undefined reference to `shl_load'
collect2: ld returned 1 exit status
configure:10009: $? = 1
configure: failed program was:
| /* confdefs.h */
| #define PACKAGE_NAME "mono-fuse"
| #define PACKAGE_TARNAME "mono-fuse"
| #define PACKAGE_VERSION "0.4.3"
| #define PACKAGE_STRING "mono-fuse 0.4.3"
| #define PACKAGE_BUGREPORT "jonpryor@vt.edu"
| #define PACKAGE_URL ""
| #define PACKAGE "mono-fuse"
| #define VERSION "0.4.3"
| #define STDC_HEADERS 1
| #define HAVE_SYS_TYPES_H 1
| #define HAVE_SYS_STAT_H 1
| #define HAVE_STDLIB_H 1
| #define HAVE_STRING_H 1
| #define HAVE_MEMORY_H 1
| #define HAVE_STRINGS_H 1
| #define HAVE_INTTYPES_H 1
| #define HAVE_STDINT_H 1
| #define HAVE_UNISTD_H 1
| #define HAVE_DLFCN_H 1
| #define LT_OBJDIR ".libs/"
| /* end confdefs.h.  */
| /* Define shl_load to an innocuous variant, in case <limits.h> declares shl_load.
|    For example, HP-UX 11i <limits.h> declares gettimeofday.  */
| #define shl_load innocuous_shl_load
| 
| /* System header to define __stub macros and hopefully few prototypes,
|     which can conflict with char shl_load (); below.
|     Prefer <limits.h> to <assert.h> if __STDC__ is defined, since
|     <limits.h> exists even on freestanding compilers.  */
| 
| #ifdef __STDC__
| # include <limits.h>
| #else
| # include <assert.h>
| #endif
| 
| #undef shl_load
| 
| /* Override any GCC internal prototype to avoid an error.
|    Use char because int might match the return type of a GCC
|    builtin and then its argument prototype would still apply.  */
| #ifdef __cplusplus
| extern "C"
| #endif
| char shl_load ();
| /* The GNU C library defines this for functions which it implements
|     to always fail with ENOSYS.  Some functions are actually named
|     something starting with __ and the normal name is an alias.  */
| #if defined __stub_shl_load || defined __stub___shl_load
| choke me
| #endif
| 
| int
| main ()
| {
| return shl_load ();
|   ;
|   return 0;
| }
configure:10009: result: no
configure:10013: checking for shl_load in -ldld
configure:10038: gcc -o conftest -g -O2   conftest.c -ldld   >&5
/usr/bin/ld: cannot find -ldld
collect2: ld returned 1 exit status
configure:10038: $? = 1
configure: failed program was:
| /* confdefs.h */
| #define PACKAGE_NAME "mono-fuse"
| #define PACKAGE_TARNAME "mono-fuse"
| #define PACKAGE_VERSION "0.4.3"
| #define PACKAGE_STRING "mono-fuse 0.4.3"
| #define PACKAGE_BUGREPORT "jonpryor@vt.edu"
| #define PACKAGE_URL ""
| #define PACKAGE "mono-fuse"
| #define VERSION "0.4.3"
| #define STDC_HEADERS 1
| #define HAVE_SYS_TYPES_H 1
| #define HAVE_SYS_STAT_H 1
| #define HAVE_STDLIB_H 1
| #define HAVE_STRING_H 1
| #define HAVE_MEMORY_H 1
| #define HAVE_STRINGS_H 1
| #define HAVE_INTTYPES_H 1
| #define HAVE_STDINT_H 1
| #define HAVE_UNISTD_H 1
| #define HAVE_DLFCN_H 1
| #define LT_OBJDIR ".libs/"
| /* end confdefs.h.  */
| 
| /* Override any GCC internal prototype to avoid an error.
|    Use char because int might match the return type of a GCC
|    builtin and then its argument prototype would still apply.  */
| #ifdef __cplusplus
| extern "C"
| #endif
| char shl_load ();
| int
| main ()
| {
| return shl_load ();
|   ;
|   return 0;
| }
configure:10047: result: no
configure:10052: checking for dlopen
configure:10052: gcc -o conftest -g -O2   conftest.c  >&5
/tmp/cc8hn1Zm.o: In function `main':
/home/crane/git/nofs/mono-fuse/conftest.c:57: undefined reference to `dlopen'
collect2: ld returned 1 exit status
configure:10052: $? = 1
configure: failed program was:
| /* confdefs.h */
| #define PACKAGE_NAME "mono-fuse"
| #define PACKAGE_TARNAME "mono-fuse"
| #define PACKAGE_VERSION "0.4.3"
| #define PACKAGE_STRING "mono-fuse 0.4.3"
| #define PACKAGE_BUGREPORT "jonpryor@vt.edu"
| #define PACKAGE_URL ""
| #define PACKAGE "mono-fuse"
| #define VERSION "0.4.3"
| #define STDC_HEADERS 1
| #define HAVE_SYS_TYPES_H 1
| #define HAVE_SYS_STAT_H 1
| #define HAVE_STDLIB_H 1
| #define HAVE_STRING_H 1
| #define HAVE_MEMORY_H 1
| #define HAVE_STRINGS_H 1
| #define HAVE_INTTYPES_H 1
| #define HAVE_STDINT_H 1
| #define HAVE_UNISTD_H 1
| #define HAVE_DLFCN_H 1
| #define LT_OBJDIR ".libs/"
| /* end confdefs.h.  */
| /* Define dlopen to an innocuous variant, in case <limits.h> declares dlopen.
|    For example, HP-UX 11i <limits.h> declares gettimeofday.  */
| #define dlopen innocuous_dlopen
| 
| /* System header to define __stub macros and hopefully few prototypes,
|     which can conflict with char dlopen (); below.
|     Prefer <limits.h> to <assert.h> if __STDC__ is defined, since
|     <limits.h> exists even on freestanding compilers.  */
| 
| #ifdef __STDC__
| # include <limits.h>
| #else
| # include <assert.h>
| #endif
| 
| #undef dlopen
| 
| /* Override any GCC internal prototype to avoid an error.
|    Use char because int might match the return type of a GCC
|    builtin and then its argument prototype would still apply.  */
| #ifdef __cplusplus
| extern "C"
| #endif
| char dlopen ();
| /* The GNU C library defines this for functions which it implements
|     to always fail with ENOSYS.  Some functions are actually named
|     something starting with __ and the normal name is an alias.  */
| #if defined __stub_dlopen || defined __stub___dlopen
| choke me
| #endif
| 
| int
| main ()
| {
| return dlopen ();
|   ;
|   return 0;
| }
configure:10052: result: no
configure:10056: checking for dlopen in -ldl
configure:10081: gcc -o conftest -g -O2   conftest.c -ldl   >&5
configure:10081: $? = 0
configure:10090: result: yes
configure:10209: checking whether a program can dlopen itself
configure:10279: gcc -o conftest -g -O2  -DHAVE_DLFCN_H  -Wl,--export-dynamic conftest.c -ldl  >&5
configure:10282: $? = 0
configure:10300: result: yes
configure:10305: checking whether a statically linked program can dlopen itself
configure:10375: gcc -o conftest -g -O2  -DHAVE_DLFCN_H  -Wl,--export-dynamic -static conftest.c -ldl  >&5
/tmp/ccdC4G2P.o: In function `main':
/home/crane/git/nofs/mono-fuse/configure:10359: warning: Using 'dlopen' in statically linked applications requires at runtime the shared libraries from the glibc version used for linking
/usr/bin/ld: dynamic STT_GNU_IFUNC symbol `strcmp' with pointer equality in `/usr/lib/i386-linux-gnu/gcc/i686-linux-gnu/4.5.2/../../../libc.a(strcmp.o)' can not be used when making an executable; recompile with -fPIE and relink with -pie
collect2: ld returned 1 exit status
configure:10378: $? = 1
configure:10396: result: no
configure:10435: checking whether stripping libraries is possible
configure:10440: result: yes
configure:10475: checking if libtool supports shared libraries
configure:10477: result: yes
configure:10480: checking whether to build shared libraries
configure:10501: result: yes
configure:10504: checking whether to build static libraries
configure:10508: result: yes
configure:10548: checking for mono
configure:10566: found /usr/bin/mono
configure:10578: result: /usr/bin/mono
configure:10588: checking for gmcs
configure:10606: found /usr/bin/gmcs
configure:10618: result: /usr/bin/gmcs
configure:10639: checking for pkg-config
configure:10657: found /usr/bin/pkg-config
configure:10670: result: /usr/bin/pkg-config
configure:10793: checking pkg-config is at least version 0.9.0
configure:10796: result: yes
configure:10806: checking for MONO
configure:10813: $PKG_CONFIG --exists --print-errors "mono >= $MONO_REQUIRED_VERSION"
configure:10816: $? = 0
configure:10829: $PKG_CONFIG --exists --print-errors "mono >= $MONO_REQUIRED_VERSION"
configure:10832: $? = 0
configure:10889: result: yes
configure:10896: checking for FUSE
configure:10903: $PKG_CONFIG --exists --print-errors "fuse >= $FUSE_REQUIRED_VERSION"
configure:10906: $? = 0
configure:10919: $PKG_CONFIG --exists --print-errors "fuse >= $FUSE_REQUIRED_VERSION"
configure:10922: $? = 0
configure:10979: result: yes
configure:10985: checking for GLIB
configure:10992: $PKG_CONFIG --exists --print-errors "glib-2.0 >= $GLIB_REQUIRED_VERSION"
configure:10995: $? = 0
configure:11008: $PKG_CONFIG --exists --print-errors "glib-2.0 >= $GLIB_REQUIRED_VERSION"
configure:11011: $? = 0
configure:11068: result: yes
configure:11095: checking for MONODOC
configure:11102: $PKG_CONFIG --exists --print-errors "monodoc >= $MONODOC_REQUIRED_VERSION"
configure:11105: $? = 0
configure:11118: $PKG_CONFIG --exists --print-errors "monodoc >= $MONODOC_REQUIRED_VERSION"
configure:11121: $? = 0
configure:11158: result: yes
configure:11250: checking if Mono.Posix.dll has Mono.Unix.Native.NativeConvert.TryCopy methods
configure:11273: result: yes
configure:11282: checking if Mono.Posix.dll has Mono.Unix.Native.NativeConvert.TryCopy(Flock) support
configure:11297: result: yes
configure:11330: checking for mdassembler
configure:11348: found /usr/bin/mdassembler
configure:11361: result: /usr/bin/mdassembler
configure:11371: checking for monodocer
configure:11389: found /usr/bin/monodocer
configure:11402: result: /usr/bin/monodocer
configure:11560: creating ./config.status

## ---------------------- ##
## Running config.status. ##
## ---------------------- ##

This file was extended by mono-fuse config.status 0.4.3, which was
generated by GNU Autoconf 2.67.  Invocation command line was

  CONFIG_FILES    = 
  CONFIG_HEADERS  = 
  CONFIG_LINKS    = 
  CONFIG_COMMANDS = 
  $ ./config.status 

on ubuntu

config.status:1117: creating Makefile
config.status:1117: creating mono-fuse.spec
config.status:1117: creating doc/Makefile
config.status:1117: creating example/Makefile
config.status:1117: creating example/HelloFS/Makefile
config.status:1117: creating example/RedirectFS/Makefile
config.status:1117: creating lib/Makefile
config.status:1117: creating lib/mono-fuse/Makefile
config.status:1117: creating lib/pkgconfig/Makefile
config.status:1117: creating lib/pkgconfig/mono-fuse.pc
config.status:1117: creating src/Makefile
config.status:1117: creating src/Mono.Fuse/AssemblyInfo.cs
config.status:1117: creating src/Mono.Fuse/Makefile
config.status:1117: creating src/MonoFuseHelper/Makefile
config.status:1117: creating config.h
config.status:1345: executing depfiles commands
config.status:1345: executing libtool commands
configure:13786: WARNING: unrecognized options: --enable-compile-warnings

## ---------------- ##
## Cache variables. ##
## ---------------- ##

ac_cv_build=i686-pc-linux-gnu
ac_cv_c_compiler_gnu=yes
ac_cv_env_CC_set=
ac_cv_env_CC_value=
ac_cv_env_CFLAGS_set=
ac_cv_env_CFLAGS_value=
ac_cv_env_CPPFLAGS_set=
ac_cv_env_CPPFLAGS_value=
ac_cv_env_CPP_set=
ac_cv_env_CPP_value=
ac_cv_env_FUSE_CFLAGS_set=
ac_cv_env_FUSE_CFLAGS_value=
ac_cv_env_FUSE_LIBS_set=
ac_cv_env_FUSE_LIBS_value=
ac_cv_env_GLIB_CFLAGS_set=
ac_cv_env_GLIB_CFLAGS_value=
ac_cv_env_GLIB_LIBS_set=
ac_cv_env_GLIB_LIBS_value=
ac_cv_env_LDFLAGS_set=
ac_cv_env_LDFLAGS_value=
ac_cv_env_LIBS_set=
ac_cv_env_LIBS_value=
ac_cv_env_MONODOC_CFLAGS_set=
ac_cv_env_MONODOC_CFLAGS_value=
ac_cv_env_MONODOC_LIBS_set=
ac_cv_env_MONODOC_LIBS_value=
ac_cv_env_MONO_CFLAGS_set=
ac_cv_env_MONO_CFLAGS_value=
ac_cv_env_MONO_LIBS_set=
ac_cv_env_MONO_LIBS_value=
ac_cv_env_MONO_NUNIT_CFLAGS_set=
ac_cv_env_MONO_NUNIT_CFLAGS_value=
ac_cv_env_MONO_NUNIT_LIBS_set=
ac_cv_env_MONO_NUNIT_LIBS_value=
ac_cv_env_PKG_CONFIG_LIBDIR_set=
ac_cv_env_PKG_CONFIG_LIBDIR_value=
ac_cv_env_PKG_CONFIG_PATH_set=
ac_cv_env_PKG_CONFIG_PATH_value=
ac_cv_env_PKG_CONFIG_set=
ac_cv_env_PKG_CONFIG_value=
ac_cv_env_build_alias_set=
ac_cv_env_build_alias_value=
ac_cv_env_host_alias_set=
ac_cv_env_host_alias_value=
ac_cv_env_target_alias_set=
ac_cv_env_target_alias_value=
ac_cv_func_dlopen=no
ac_cv_func_shl_load=no
ac_cv_header_dlfcn_h=yes
ac_cv_header_inttypes_h=yes
ac_cv_header_memory_h=yes
ac_cv_header_stdc=yes
ac_cv_header_stdint_h=yes
ac_cv_header_stdlib_h=yes
ac_cv_header_string_h=yes
ac_cv_header_strings_h=yes
ac_cv_header_sys_stat_h=yes
ac_cv_header_sys_types_h=yes
ac_cv_header_unistd_h=yes
ac_cv_host=i686-pc-linux-gnu
ac_cv_lib_dl_dlopen=yes
ac_cv_lib_dld_shl_load=no
ac_cv_objext=o
ac_cv_path_CSC=/usr/bin/gmcs
ac_cv_path_EGREP='/bin/grep -E'
ac_cv_path_FGREP='/bin/grep -F'
ac_cv_path_GREP=/bin/grep
ac_cv_path_MDASSEMBLER=/usr/bin/mdassembler
ac_cv_path_MONO=/usr/bin/mono
ac_cv_path_MONODOCER=/usr/bin/monodocer
ac_cv_path_PKG_CONFIG=/usr/bin/pkg-config
ac_cv_path_SED=/bin/sed
ac_cv_path_install='/usr/bin/install -c'
ac_cv_path_mkdir=/bin/mkdir
ac_cv_prog_AWK=mawk
ac_cv_prog_CPP='gcc -E'
ac_cv_prog_ac_ct_AR=ar
ac_cv_prog_ac_ct_CC=gcc
ac_cv_prog_ac_ct_OBJDUMP=objdump
ac_cv_prog_ac_ct_RANLIB=ranlib
ac_cv_prog_ac_ct_STRIP=strip
ac_cv_prog_cc_c89=
ac_cv_prog_cc_g=yes
ac_cv_prog_make_make_set=yes
ac_cv_target=i686-pc-linux-gnu
am_cv_CC_dependencies_compiler_type=gcc3
am_cv_prog_tar_ustar=gnutar
lt_cv_deplibs_check_method=pass_all
lt_cv_dlopen=dlopen
lt_cv_dlopen_libs=-ldl
lt_cv_dlopen_self=yes
lt_cv_dlopen_self_static=no
lt_cv_file_magic_cmd='$MAGIC_CMD'
lt_cv_file_magic_test_file=
lt_cv_ld_reload_flag=-r
lt_cv_nm_interface='BSD nm'
lt_cv_objdir=.libs
lt_cv_path_LD=/usr/bin/ld
lt_cv_path_NM='/usr/bin/nm -B'
lt_cv_prog_compiler_c_o=yes
lt_cv_prog_compiler_pic_works=yes
lt_cv_prog_compiler_rtti_exceptions=no
lt_cv_prog_compiler_static_works=yes
lt_cv_prog_gnu_ld=yes
lt_cv_sys_global_symbol_pipe='sed -n -e '\''s/^.*[	 ]\([ABCDGIRSTW][ABCDGIRSTW]*\)[	 ][	 ]*\([_A-Za-z][_A-Za-z0-9]*\)$/\1 \2 \2/p'\'''
lt_cv_sys_global_symbol_to_c_name_address='sed -n -e '\''s/^: \([^ ]*\) $/  {\"\1\", (void *) 0},/p'\'' -e '\''s/^[ABCDGIRSTW]* \([^ ]*\) \([^ ]*\)$/  {"\2", (void *) \&\2},/p'\'''
lt_cv_sys_global_symbol_to_c_name_address_lib_prefix='sed -n -e '\''s/^: \([^ ]*\) $/  {\"\1\", (void *) 0},/p'\'' -e '\''s/^[ABCDGIRSTW]* \([^ ]*\) \(lib[^ ]*\)$/  {"\2", (void *) \&\2},/p'\'' -e '\''s/^[ABCDGIRSTW]* \([^ ]*\) \([^ ]*\)$/  {"lib\2", (void *) \&\2},/p'\'''
lt_cv_sys_global_symbol_to_cdecl='sed -n -e '\''s/^T .* \(.*\)$/extern int \1();/p'\'' -e '\''s/^[ABCDGIRSTW]* .* \(.*\)$/extern char \1;/p'\'''
lt_cv_sys_max_cmd_len=1572864
pkg_cv_FUSE_CFLAGS='-D_FILE_OFFSET_BITS=64 -I/usr/include/fuse  '
pkg_cv_FUSE_LIBS='-pthread -lfuse -lrt -ldl  '
pkg_cv_GLIB_CFLAGS='-I/usr/include/glib-2.0 -I/usr/lib/i386-linux-gnu/glib-2.0/include  '
pkg_cv_GLIB_LIBS='-L/usr/lib/i386-linux-gnu -lglib-2.0  '
pkg_cv_MONODOC_CFLAGS=' '
pkg_cv_MONODOC_LIBS='/r:/usr/lib/mono/monodoc/monodoc.dll  '
pkg_cv_MONO_CFLAGS='-pthread -D_REENTRANT -I/usr/include/glib-2.0 -I/usr/lib/i386-linux-gnu/glib-2.0/include -I/usr/include/mono-1.0  '
pkg_cv_MONO_LIBS='-pthread -L/usr/lib/i386-linux-gnu -lmono -ldl -lpthread -lm -lgthread-2.0 -lrt -lglib-2.0  '

## ----------------- ##
## Output variables. ##
## ----------------- ##

ACLOCAL='${SHELL} /home/crane/git/nofs/mono-fuse/missing --run aclocal-1.11'
AMDEPBACKSLASH='\'
AMDEP_FALSE='#'
AMDEP_TRUE=''
AMTAR='${SHELL} /home/crane/git/nofs/mono-fuse/missing --run tar'
AR='ar'
ASSEMBLY_VERSION='0.4.3.0'
AUTOCONF='${SHELL} /home/crane/git/nofs/mono-fuse/missing --run autoconf'
AUTOHEADER='${SHELL} /home/crane/git/nofs/mono-fuse/missing --run autoheader'
AUTOMAKE='${SHELL} /home/crane/git/nofs/mono-fuse/missing --run automake-1.11'
AWK='mawk'
CC='gcc'
CCDEPMODE='depmode=gcc3'
CFLAGS='-g -O2'
CPP='gcc -E'
CPPFLAGS=''
CSC='/usr/bin/gmcs'
CSC_FLAGS=' -d:HAVE_MONO_UNIX_NATIVE_COPY_FUNCS -d:HAVE_MONO_UNIX_NATIVE_COPY_FLOCK'
CYGPATH_W='echo'
DEFS='-DHAVE_CONFIG_H'
DEPDIR='.deps'
DSYMUTIL=''
DUMPBIN=''
ECHO_C=''
ECHO_N='-n'
ECHO_T=''
EGREP='/bin/grep -E'
ENABLE_MONODOC_FALSE='#'
ENABLE_MONODOC_TRUE=''
ENABLE_NUNIT_FALSE=''
ENABLE_NUNIT_TRUE='#'
EXEEXT=''
FGREP='/bin/grep -F'
FUSE_CFLAGS='-D_FILE_OFFSET_BITS=64 -I/usr/include/fuse  '
FUSE_LIBS='-pthread -lfuse -lrt -ldl  '
GLIB_CFLAGS='-I/usr/include/glib-2.0 -I/usr/lib/i386-linux-gnu/glib-2.0/include  '
GLIB_LIBS='-L/usr/lib/i386-linux-gnu -lglib-2.0  '
GREP='/bin/grep'
INSTALL_DATA='${INSTALL} -m 644'
INSTALL_PROGRAM='${INSTALL}'
INSTALL_SCRIPT='${INSTALL}'
INSTALL_STRIP_PROGRAM='$(install_sh) -c -s'
LD='/usr/bin/ld'
LDFLAGS=''
LD_LIBRARY_PATH=''
LIBOBJS=''
LIBS=''
LIBTOOL='$(SHELL) $(top_builddir)/libtool'
LIB_PREFIX='.so'
LIB_SUFFIX=''
LIPO=''
LN_S='ln -s'
LTLIBOBJS=''
MAINT=''
MAINTAINER_MODE_FALSE='#'
MAINTAINER_MODE_TRUE=''
MAKEINFO='${SHELL} /home/crane/git/nofs/mono-fuse/missing --run makeinfo'
MDASSEMBLER='/usr/bin/mdassembler'
MFH_CFLAGS='-DHAVE_MONO_UNIX_NATIVE_COPY_FUNCS -DHAVE_MONO_UNIX_NATIVE_COPY_FLOCK'
MF_DIR='$(prefix)/lib/mono-fuse'
MKDIR_P='/bin/mkdir -p'
MONO='/usr/bin/mono'
MONODOCER='/usr/bin/monodocer'
MONODOC_CFLAGS=' '
MONODOC_LIBS='/r:/usr/lib/mono/monodoc/monodoc.dll  '
MONO_CFLAGS='-pthread -D_REENTRANT -I/usr/include/glib-2.0 -I/usr/lib/i386-linux-gnu/glib-2.0/include -I/usr/include/mono-1.0  '
MONO_LIBS='-pthread -L/usr/lib/i386-linux-gnu -lmono -ldl -lpthread -lm -lgthread-2.0 -lrt -lglib-2.0  '
MONO_NUNIT_CFLAGS=''
MONO_NUNIT_LIBS=''
NM='/usr/bin/nm -B'
NMEDIT=''
OBJDUMP='objdump'
OBJEXT='o'
OTOOL64=''
OTOOL=''
PACKAGE='mono-fuse'
PACKAGE_BUGREPORT='jonpryor@vt.edu'
PACKAGE_NAME='mono-fuse'
PACKAGE_STRING='mono-fuse 0.4.3'
PACKAGE_TARNAME='mono-fuse'
PACKAGE_URL=''
PACKAGE_VERSION='0.4.3'
PATH='/usr/local/sbin:/usr/local/bin:/usr/sbin:/usr/bin:/sbin:/bin:/usr/games:/opt/gradle-1.0/bin'
PATH_SEPARATOR=':'
PKG_CONFIG='/usr/bin/pkg-config'
PKG_CONFIG_LIBDIR=''
PKG_CONFIG_PATH=''
RANLIB='ranlib'
SED='/bin/sed'
SET_MAKE=''
SHELL='/bin/bash'
STRIP='strip'
VERSION='0.4.3'
ac_ct_CC='gcc'
ac_ct_DUMPBIN=''
am__EXEEXT_FALSE=''
am__EXEEXT_TRUE='#'
am__fastdepCC_FALSE='#'
am__fastdepCC_TRUE=''
am__include='include'
am__isrc=''
am__leading_dot='.'
am__quote=''
am__tar='tar --format=ustar -chf - "$$tardir"'
am__untar='tar -xf -'
bindir='${exec_prefix}/bin'
build='i686-pc-linux-gnu'
build_alias=''
build_cpu='i686'
build_os='linux-gnu'
build_vendor='pc'
datadir='${datarootdir}'
datarootdir='${prefix}/share'
docdir='${datarootdir}/doc/${PACKAGE_TARNAME}'
dvidir='${docdir}'
exec_prefix='${prefix}'
host='i686-pc-linux-gnu'
host_alias=''
host_cpu='i686'
host_os='linux-gnu'
host_vendor='pc'
htmldir='${docdir}'
includedir='${prefix}/include'
infodir='${datarootdir}/info'
install_sh='${SHELL} /home/crane/git/nofs/mono-fuse/install-sh'
libdir='${exec_prefix}/lib'
libexecdir='${exec_prefix}/libexec'
localedir='${datarootdir}/locale'
localstatedir='${prefix}/var'
lt_ECHO='echo'
mandir='${datarootdir}/man'
mkdir_p='/bin/mkdir -p'
oldincludedir='/usr/include'
pdfdir='${docdir}'
prefix='/usr/local'
program_transform_name='s,x,x,'
psdir='${docdir}'
sbindir='${exec_prefix}/sbin'
sharedstatedir='${prefix}/com'
sysconfdir='${prefix}/etc'
target='i686-pc-linux-gnu'
target_alias=''
target_cpu='i686'
target_os='linux-gnu'
target_vendor='pc'

## ----------- ##
## confdefs.h. ##
## ----------- ##

/* confdefs.h */
#define PACKAGE_NAME "mono-fuse"
#define PACKAGE_TARNAME "mono-fuse"
#define PACKAGE_VERSION "0.4.3"
#define PACKAGE_STRING "mono-fuse 0.4.3"
#define PACKAGE_BUGREPORT "jonpryor@vt.edu"
#define PACKAGE_URL ""
#define PACKAGE "mono-fuse"
#define VERSION "0.4.3"
#define STDC_HEADERS 1
#define HAVE_SYS_TYPES_H 1
#define HAVE_SYS_STAT_H 1
#define HAVE_STDLIB_H 1
#define HAVE_STRING_H 1
#define HAVE_MEMORY_H 1
#define HAVE_STRINGS_H 1
#define HAVE_INTTYPES_H 1
#define HAVE_STDINT_H 1
#define HAVE_UNISTD_H 1
#define HAVE_DLFCN_H 1
#define LT_OBJDIR ".libs/"

configure: exit 0

## ---------------------- ##
## Running config.status. ##
## ---------------------- ##

This file was extended by mono-fuse config.status 0.4.3, which was
generated by GNU Autoconf 2.67.  Invocation command line was

  CONFIG_FILES    = 
  CONFIG_HEADERS  = 
  CONFIG_LINKS    = 
  CONFIG_COMMANDS = 
  $ ./config.status config.h

on ubuntu

config.status:1117: creating config.h
config.status:1297: config.h is unchanged
